#
# There is insufficient memory for the Java Runtime Environment to continue.
# Native memory allocation (malloc) failed to allocate 32744 bytes for ChunkPool::allocate
# Possible reasons:
#   The system is out of physical RAM or swap space
#   The process is running with CompressedOops enabled, and the Java Heap may be blocking the growth of the native heap
# Possible solutions:
#   Reduce memory load on the system
#   Increase physical memory or swap space
#   Check if swap backing store is full
#   Decrease Java heap size (-Xmx/-Xms)
#   Decrease number of Java threads
#   Decrease Java thread stack sizes (-Xss)
#   Set larger code cache with -XX:ReservedCodeCacheSize=
#   JVM is running with Zero Based Compressed Oops mode in which the Java heap is
#     placed in the first 32GB address space. The Java Heap base address is the
#     maximum limit for the native heap growth. Please use -XX:HeapBaseMinAddress
#     to set the Java Heap base and to place the Java Heap above 32GB virtual address.
# This output file may be truncated or incomplete.
#
#  Out of Memory Error (t:/workspace/open/src/hotspot/share/memory/arena.cpp:80), pid=2328, tid=26124
#
# JRE version: Java(TM) SE Runtime Environment (13.0.2+8) (build 13.0.2+8)
# Java VM: Java HotSpot(TM) 64-Bit Server VM (13.0.2+8, mixed mode, sharing, tiered, compressed oops, g1 gc, windows-amd64)
# No core dump will be written. Minidumps are not enabled by default on client versions of Windows
#

---------------  S U M M A R Y ------------

Command Line: -agentlib:jdwp=transport=dt_socket,address=127.0.0.1:60091,suspend=y,server=n -javaagent:C:\Users\LERATO~1\AppData\Local\Temp\captureAgent1763jars\debugger-agent.jar -Dfile.encoding=UTF-8 com.leratoletsepe.intellectsacademyapi.IntellectsAcademyApiApplication

Host: Intel(R) Core(TM) i7-6700HQ CPU @ 2.60GHz, 8 cores, 15G,  Windows 10 , 64 bit Build 19041 (10.0.19041.1023)
Time: Mon Jul 19 15:44:45 2021 South Africa Standard Time elapsed time: 53 seconds (0d 0h 0m 53s)

---------------  T H R E A D  ---------------

Current thread (0x0000020d533f4000):  JavaThread "C2 CompilerThread1" daemon [_thread_in_native, id=26124, stack(0x000000d9e5600000,0x000000d9e5700000)]


Current CompileTask:
C2:  53473 4730   !   4       java.util.zip.ZipFile$CleanableResource::getInflater (47 bytes)

Stack: [0x000000d9e5600000,0x000000d9e5700000]
Native frames: (J=compiled Java code, j=interpreted, Vv=VM code, C=native code)
V  [jvm.dll+0x624f9a]
V  [jvm.dll+0x770cfa]
V  [jvm.dll+0x7724af]
V  [jvm.dll+0x772ab3]
V  [jvm.dll+0x24bf08]
V  [jvm.dll+0xc2076]
V  [jvm.dll+0xc23cc]
V  [jvm.dll+0x11b40c]
V  [jvm.dll+0x11a3e2]
V  [jvm.dll+0x62a0a9]
V  [jvm.dll+0x205f86]
V  [jvm.dll+0x204e3f]
V  [jvm.dll+0x189c2c]
V  [jvm.dll+0x213e6d]
V  [jvm.dll+0x2120bb]
V  [jvm.dll+0x736bb6]
V  [jvm.dll+0x72fcaa]
V  [jvm.dll+0x623ea6]
C  [ucrtbase.dll+0x21bb2]
C  [KERNEL32.DLL+0x17034]
C  [ntdll.dll+0x52651]


---------------  P R O C E S S  ---------------

Threads class SMR info:
_java_thread_list=0x0000020d55b7fe90, length=33, elements={
0x0000020d4ce2f000, 0x0000020d4ce32000, 0x0000020d4ce4c000, 0x0000020d4ce4e000,
0x0000020d4d6d3000, 0x0000020d4d6d5800, 0x0000020d4d6e6800, 0x0000020d4d6d1000,
0x0000020d4d81e800, 0x0000020d4d87b800, 0x0000020d4d87c800, 0x0000020d4dc62800,
0x0000020d50244800, 0x0000020d51cbc800, 0x0000020d52e78800, 0x0000020d4fe34800,
0x0000020d4fe36000, 0x0000020d4fe37000, 0x0000020d4fe33000, 0x0000020d4fe35800,
0x0000020d4fe31800, 0x0000020d4fe38000, 0x0000020d4fe32000, 0x0000020d533ef800,
0x0000020d533f0800, 0x0000020d533f1800, 0x0000020d533f2000, 0x0000020d533f3000,
0x0000020d533ed000, 0x0000020d533ee000, 0x0000020d533f4000, 0x0000020d533ef000,
0x0000020d533f7000
}

Java Threads: ( => current thread )
  0x0000020d4ce2f000 JavaThread "Reference Handler" daemon [_thread_blocked, id=30040, stack(0x000000d9e2e00000,0x000000d9e2f00000)]
  0x0000020d4ce32000 JavaThread "Finalizer" daemon [_thread_blocked, id=28124, stack(0x000000d9e2f00000,0x000000d9e3000000)]
  0x0000020d4ce4c000 JavaThread "Signal Dispatcher" daemon [_thread_blocked, id=30232, stack(0x000000d9e3000000,0x000000d9e3100000)]
  0x0000020d4ce4e000 JavaThread "Attach Listener" daemon [_thread_blocked, id=31812, stack(0x000000d9e3100000,0x000000d9e3200000)]
  0x0000020d4d6d3000 JavaThread "C2 CompilerThread0" daemon [_thread_in_native, id=11416, stack(0x000000d9e3200000,0x000000d9e3300000)]
  0x0000020d4d6d5800 JavaThread "C1 CompilerThread0" daemon [_thread_blocked, id=7128, stack(0x000000d9e3300000,0x000000d9e3400000)]
  0x0000020d4d6e6800 JavaThread "Sweeper thread" daemon [_thread_blocked, id=25804, stack(0x000000d9e3400000,0x000000d9e3500000)]
  0x0000020d4d6d1000 JavaThread "Common-Cleaner" daemon [_thread_blocked, id=30260, stack(0x000000d9e3500000,0x000000d9e3600000)]
  0x0000020d4d81e800 JavaThread "JDWP Transport Listener: dt_socket" daemon [_thread_blocked, id=32696, stack(0x000000d9e3600000,0x000000d9e3700000)]
  0x0000020d4d87b800 JavaThread "JDWP Event Helper Thread" daemon [_thread_blocked, id=25496, stack(0x000000d9e3700000,0x000000d9e3800000)]
  0x0000020d4d87c800 JavaThread "JDWP Command Reader" daemon [_thread_in_native, id=720, stack(0x000000d9e3800000,0x000000d9e3900000)]
  0x0000020d4dc62800 JavaThread "Service Thread" daemon [_thread_blocked, id=26260, stack(0x000000d9e3900000,0x000000d9e3a00000)]
  0x0000020d50244800 JavaThread "Catalina-utility-1" [_thread_blocked, id=26608, stack(0x000000d9e4500000,0x000000d9e4600000)]
  0x0000020d51cbc800 JavaThread "Catalina-utility-2" [_thread_blocked, id=16584, stack(0x000000d9e4600000,0x000000d9e4700000)]
  0x0000020d52e78800 JavaThread "container-0" [_thread_blocked, id=31508, stack(0x000000d9e4700000,0x000000d9e4800000)]
  0x0000020d4fe34800 JavaThread "File Watcher" daemon [_thread_blocked, id=11664, stack(0x000000d9e4a00000,0x000000d9e4b00000)]
  0x0000020d4fe36000 JavaThread "Live Reload Server" daemon [_thread_in_native, id=9328, stack(0x000000d9e4c00000,0x000000d9e4d00000)]
  0x0000020d4fe37000 JavaThread "http-nio-8080-exec-1" daemon [_thread_blocked, id=27036, stack(0x000000d9e4b00000,0x000000d9e4c00000)]
  0x0000020d4fe33000 JavaThread "http-nio-8080-exec-2" daemon [_thread_blocked, id=25096, stack(0x000000d9e4d00000,0x000000d9e4e00000)]
  0x0000020d4fe35800 JavaThread "http-nio-8080-exec-3" daemon [_thread_blocked, id=28440, stack(0x000000d9e4e00000,0x000000d9e4f00000)]
  0x0000020d4fe31800 JavaThread "http-nio-8080-exec-4" daemon [_thread_blocked, id=17244, stack(0x000000d9e4f00000,0x000000d9e5000000)]
  0x0000020d4fe38000 JavaThread "http-nio-8080-exec-5" daemon [_thread_blocked, id=24016, stack(0x000000d9e5000000,0x000000d9e5100000)]
  0x0000020d4fe32000 JavaThread "http-nio-8080-exec-6" daemon [_thread_blocked, id=31728, stack(0x000000d9e5100000,0x000000d9e5200000)]
  0x0000020d533ef800 JavaThread "http-nio-8080-exec-7" daemon [_thread_blocked, id=31992, stack(0x000000d9e5200000,0x000000d9e5300000)]
  0x0000020d533f0800 JavaThread "http-nio-8080-exec-8" daemon [_thread_blocked, id=16136, stack(0x000000d9e5300000,0x000000d9e5400000)]
  0x0000020d533f1800 JavaThread "http-nio-8080-exec-9" daemon [_thread_blocked, id=2416, stack(0x000000d9e5400000,0x000000d9e5500000)]
  0x0000020d533f2000 JavaThread "http-nio-8080-exec-10" daemon [_thread_blocked, id=30732, stack(0x000000d9e5500000,0x000000d9e5600000)]
  0x0000020d533f3000 JavaThread "http-nio-8080-Poller" daemon [_thread_blocked, id=25468, stack(0x000000d9e4200000,0x000000d9e4300000)]
  0x0000020d533ed000 JavaThread "http-nio-8080-Acceptor" daemon [_thread_in_native, id=23560, stack(0x000000d9e4400000,0x000000d9e4500000)]
  0x0000020d533ee000 JavaThread "DestroyJavaVM" [_thread_blocked, id=8040, stack(0x000000d9e2700000,0x000000d9e2800000)]
=>0x0000020d533f4000 JavaThread "C2 CompilerThread1" daemon [_thread_in_native, id=26124, stack(0x000000d9e5600000,0x000000d9e5700000)]
  0x0000020d533ef000 JavaThread "HikariPool-1 housekeeper" daemon [_thread_blocked, id=23440, stack(0x000000d9e5800000,0x000000d9e5900000)]
  0x0000020d533f7000 JavaThread "HikariPool-1 connection adder" daemon [_thread_blocked, id=27976, stack(0x000000d9e5900000,0x000000d9e5a00000)]

Other Threads:
  0x0000020d4ce2d000 VMThread "VM Thread" [stack: 0x000000d9e2d00000,0x000000d9e2e00000] [id=22556]
  0x0000020d4dc96000 WatcherThread [stack: 0x000000d9e3a00000,0x000000d9e3b00000] [id=15996]
  0x0000020d274f5800 GCTaskThread "GC Thread#0" [stack: 0x000000d9e2800000,0x000000d9e2900000] [id=25304]
  0x0000020d4e32e800 GCTaskThread "GC Thread#1" [stack: 0x000000d9e3b00000,0x000000d9e3c00000] [id=19576]
  0x0000020d4e4cf800 GCTaskThread "GC Thread#2" [stack: 0x000000d9e3c00000,0x000000d9e3d00000] [id=17508]
  0x0000020d4e4d0000 GCTaskThread "GC Thread#3" [stack: 0x000000d9e3d00000,0x000000d9e3e00000] [id=24896]
  0x0000020d4e4e6800 GCTaskThread "GC Thread#4" [stack: 0x000000d9e3e00000,0x000000d9e3f00000] [id=32488]
  0x0000020d4e4e7800 GCTaskThread "GC Thread#5" [stack: 0x000000d9e3f00000,0x000000d9e4000000] [id=30736]
  0x0000020d4d854800 GCTaskThread "GC Thread#6" [stack: 0x000000d9e4800000,0x000000d9e4900000] [id=13320]
  0x0000020d52ffa000 GCTaskThread "GC Thread#7" [stack: 0x000000d9e4900000,0x000000d9e4a00000] [id=14492]
  0x0000020d27517800 ConcurrentGCThread "G1 Main Marker" [stack: 0x000000d9e2900000,0x000000d9e2a00000] [id=32516]
  0x0000020d27519000 ConcurrentGCThread "G1 Conc#0" [stack: 0x000000d9e2a00000,0x000000d9e2b00000] [id=27056]
  0x0000020d4f3a6800 ConcurrentGCThread "G1 Conc#1" [stack: 0x000000d9e4300000,0x000000d9e4400000] [id=26356]
  0x0000020d4cd20800 ConcurrentGCThread "G1 Refine#0" [stack: 0x000000d9e2b00000,0x000000d9e2c00000] [id=28664]
  0x0000020d4cd22800 ConcurrentGCThread "G1 Young RemSet Sampling" [stack: 0x000000d9e2c00000,0x000000d9e2d00000] [id=24220]

Threads with active compile tasks:
C2 CompilerThread0    53644 4711 % !   4       sun.net.www.ParseUtil::decode @ 69 (316 bytes)
C2 CompilerThread1    53644 4730   !   4       java.util.zip.ZipFile$CleanableResource::getInflater (47 bytes)

VM state:not at safepoint (normal execution)

VM Mutex/Monitor currently owned by a thread: None

Heap address: 0x0000000702000000, size: 4064 MB, Compressed Oops mode: Zero based, Oop shift amount: 3
Narrow klass base: 0x0000000800000000, Narrow klass shift: 3
Compressed class space size: 1073741824 Address: 0x0000000800b40000

Heap:
 garbage-first heap   total 155648K, used 31980K [0x0000000702000000, 0x0000000800000000)
  region size 1024K, 8 young (8192K), 3 survivors (3072K)
 Metaspace       used 41125K, capacity 42473K, committed 42624K, reserved 1087488K
  class space    used 4916K, capacity 5414K, committed 5504K, reserved 1048576K
Heap Regions: E=young(eden), S=young(survivor), O=old, HS=humongous(starts), HC=humongous(continues), CS=collection set, F=free, A=archive, TAMS=top-at-mark-start (previous, next)
|   0|0x0000000702000000, 0x0000000702100000, 0x0000000702100000|100%| O|  |TAMS 0x0000000702100000, 0x0000000702000000| Untracked 
|   1|0x0000000702100000, 0x0000000702150400, 0x0000000702200000| 31%| O|  |TAMS 0x0000000702150400, 0x0000000702100000| Untracked 
|   2|0x0000000702200000, 0x0000000702300000, 0x0000000702300000|100%| O|  |TAMS 0x0000000702300000, 0x0000000702200000| Untracked 
|   3|0x0000000702300000, 0x0000000702400000, 0x0000000702400000|100%| O|  |TAMS 0x0000000702400000, 0x0000000702300000| Untracked 
|   4|0x0000000702400000, 0x0000000702500000, 0x0000000702500000|100%| O|  |TAMS 0x0000000702500000, 0x0000000702400000| Untracked 
|   5|0x0000000702500000, 0x0000000702600000, 0x0000000702600000|100%| O|  |TAMS 0x0000000702600000, 0x0000000702500000| Untracked 
|   6|0x0000000702600000, 0x0000000702700000, 0x0000000702700000|100%| O|  |TAMS 0x0000000702700000, 0x0000000702600000| Untracked 
|   7|0x0000000702700000, 0x0000000702800000, 0x0000000702800000|100%| O|  |TAMS 0x0000000702800000, 0x0000000702700000| Untracked 
|   8|0x0000000702800000, 0x0000000702900000, 0x0000000702900000|100%| O|  |TAMS 0x0000000702900000, 0x0000000702800000| Untracked 
|   9|0x0000000702900000, 0x0000000702a00000, 0x0000000702a00000|100%| O|  |TAMS 0x0000000702a00000, 0x0000000702900000| Untracked 
|  10|0x0000000702a00000, 0x0000000702b00000, 0x0000000702b00000|100%| O|  |TAMS 0x0000000702b00000, 0x0000000702a00000| Untracked 
|  11|0x0000000702b00000, 0x0000000702c00000, 0x0000000702c00000|100%| O|  |TAMS 0x0000000702c00000, 0x0000000702b00000| Untracked 
|  12|0x0000000702c00000, 0x0000000702d00000, 0x0000000702d00000|100%| O|  |TAMS 0x0000000702d00000, 0x0000000702c00000| Untracked 
|  13|0x0000000702d00000, 0x0000000702e00000, 0x0000000702e00000|100%| O|  |TAMS 0x0000000702e00000, 0x0000000702d00000| Untracked 
|  14|0x0000000702e00000, 0x0000000702e00000, 0x0000000702f00000|  0%| F|  |TAMS 0x0000000702e00000, 0x0000000702e00000| Untracked 
|  15|0x0000000702f00000, 0x0000000702f00000, 0x0000000703000000|  0%| F|  |TAMS 0x0000000702f00000, 0x0000000702f00000| Untracked 
|  16|0x0000000703000000, 0x0000000703100000, 0x0000000703100000|100%| O|  |TAMS 0x0000000703100000, 0x0000000703000000| Untracked 
|  17|0x0000000703100000, 0x0000000703100000, 0x0000000703200000|  0%| F|  |TAMS 0x0000000703100000, 0x0000000703100000| Untracked 
|  18|0x0000000703200000, 0x0000000703300000, 0x0000000703300000|100%| O|  |TAMS 0x0000000703300000, 0x0000000703200000| Untracked 
|  19|0x0000000703300000, 0x0000000703300000, 0x0000000703400000|  0%| F|  |TAMS 0x0000000703300000, 0x0000000703300000| Untracked 
|  20|0x0000000703400000, 0x0000000703500000, 0x0000000703500000|100%| O|  |TAMS 0x0000000703500000, 0x0000000703400000| Untracked 
|  21|0x0000000703500000, 0x0000000703600000, 0x0000000703600000|100%| O|  |TAMS 0x0000000703600000, 0x0000000703500000| Untracked 
|  22|0x0000000703600000, 0x0000000703600000, 0x0000000703700000|  0%| F|  |TAMS 0x0000000703600000, 0x0000000703600000| Untracked 
|  23|0x0000000703700000, 0x0000000703800000, 0x0000000703800000|100%| O|  |TAMS 0x0000000703765800, 0x0000000703700000| Untracked 
|  24|0x0000000703800000, 0x0000000703900000, 0x0000000703900000|100%| O|  |TAMS 0x0000000703800000, 0x0000000703800000| Untracked 
|  25|0x0000000703900000, 0x0000000703a00000, 0x0000000703a00000|100%| O|  |TAMS 0x0000000703900000, 0x0000000703900000| Untracked 
|  26|0x0000000703a00000, 0x0000000703b00000, 0x0000000703b00000|100%| O|  |TAMS 0x0000000703a00000, 0x0000000703a00000| Untracked 
|  27|0x0000000703b00000, 0x0000000703c00000, 0x0000000703c00000|100%| O|  |TAMS 0x0000000703b00000, 0x0000000703b00000| Untracked 
|  28|0x0000000703c00000, 0x0000000703d00000, 0x0000000703d00000|100%| O|  |TAMS 0x0000000703c00000, 0x0000000703c00000| Untracked 
|  29|0x0000000703d00000, 0x0000000703e00000, 0x0000000703e00000|100%| O|  |TAMS 0x0000000703d00000, 0x0000000703d00000| Untracked 
|  30|0x0000000703e00000, 0x0000000703e4f800, 0x0000000703f00000| 31%| O|  |TAMS 0x0000000703e00000, 0x0000000703e00000| Untracked 
|  31|0x0000000703f00000, 0x0000000703f00000, 0x0000000704000000|  0%| F|  |TAMS 0x0000000703f00000, 0x0000000703f00000| Untracked 
|  32|0x0000000704000000, 0x0000000704000000, 0x0000000704100000|  0%| F|  |TAMS 0x0000000704000000, 0x0000000704000000| Untracked 
|  33|0x0000000704100000, 0x0000000704100000, 0x0000000704200000|  0%| F|  |TAMS 0x0000000704100000, 0x0000000704100000| Untracked 
|  34|0x0000000704200000, 0x0000000704200000, 0x0000000704300000|  0%| F|  |TAMS 0x0000000704200000, 0x0000000704200000| Untracked 
|  35|0x0000000704300000, 0x0000000704300000, 0x0000000704400000|  0%| F|  |TAMS 0x0000000704300000, 0x0000000704300000| Untracked 
|  36|0x0000000704400000, 0x0000000704400000, 0x0000000704500000|  0%| F|  |TAMS 0x0000000704400000, 0x0000000704400000| Untracked 
|  37|0x0000000704500000, 0x0000000704500000, 0x0000000704600000|  0%| F|  |TAMS 0x0000000704500000, 0x0000000704500000| Untracked 
|  38|0x0000000704600000, 0x0000000704600000, 0x0000000704700000|  0%| F|  |TAMS 0x0000000704600000, 0x0000000704600000| Untracked 
|  39|0x0000000704700000, 0x0000000704700000, 0x0000000704800000|  0%| F|  |TAMS 0x0000000704700000, 0x0000000704700000| Untracked 
|  40|0x0000000704800000, 0x0000000704800000, 0x0000000704900000|  0%| F|  |TAMS 0x0000000704800000, 0x0000000704800000| Untracked 
|  41|0x0000000704900000, 0x0000000704900000, 0x0000000704a00000|  0%| F|  |TAMS 0x0000000704900000, 0x0000000704900000| Untracked 
|  42|0x0000000704a00000, 0x0000000704a00000, 0x0000000704b00000|  0%| F|  |TAMS 0x0000000704a00000, 0x0000000704a00000| Untracked 
|  43|0x0000000704b00000, 0x0000000704b00000, 0x0000000704c00000|  0%| F|  |TAMS 0x0000000704b00000, 0x0000000704b00000| Untracked 
|  44|0x0000000704c00000, 0x0000000704c00000, 0x0000000704d00000|  0%| F|  |TAMS 0x0000000704c00000, 0x0000000704c00000| Untracked 
|  45|0x0000000704d00000, 0x0000000704d00000, 0x0000000704e00000|  0%| F|  |TAMS 0x0000000704d00000, 0x0000000704d00000| Untracked 
|  46|0x0000000704e00000, 0x0000000704e00000, 0x0000000704f00000|  0%| F|  |TAMS 0x0000000704e00000, 0x0000000704e00000| Untracked 
|  47|0x0000000704f00000, 0x0000000704f00000, 0x0000000705000000|  0%| F|  |TAMS 0x0000000704f00000, 0x0000000704f00000| Untracked 
|  48|0x0000000705000000, 0x0000000705000000, 0x0000000705100000|  0%| F|  |TAMS 0x0000000705000000, 0x0000000705000000| Untracked 
|  49|0x0000000705100000, 0x0000000705100000, 0x0000000705200000|  0%| F|  |TAMS 0x0000000705100000, 0x0000000705100000| Untracked 
|  50|0x0000000705200000, 0x0000000705200000, 0x0000000705300000|  0%| F|  |TAMS 0x0000000705200000, 0x0000000705200000| Untracked 
|  51|0x0000000705300000, 0x0000000705300000, 0x0000000705400000|  0%| F|  |TAMS 0x0000000705300000, 0x0000000705300000| Untracked 
|  52|0x0000000705400000, 0x0000000705400000, 0x0000000705500000|  0%| F|  |TAMS 0x0000000705400000, 0x0000000705400000| Untracked 
|  53|0x0000000705500000, 0x0000000705500000, 0x0000000705600000|  0%| F|  |TAMS 0x0000000705500000, 0x0000000705500000| Untracked 
|  54|0x0000000705600000, 0x0000000705600000, 0x0000000705700000|  0%| F|  |TAMS 0x0000000705600000, 0x0000000705600000| Untracked 
|  55|0x0000000705700000, 0x0000000705700000, 0x0000000705800000|  0%| F|  |TAMS 0x0000000705700000, 0x0000000705700000| Untracked 
|  56|0x0000000705800000, 0x0000000705800000, 0x0000000705900000|  0%| F|  |TAMS 0x0000000705800000, 0x0000000705800000| Untracked 
|  57|0x0000000705900000, 0x0000000705900000, 0x0000000705a00000|  0%| F|  |TAMS 0x0000000705900000, 0x0000000705900000| Untracked 
|  58|0x0000000705a00000, 0x0000000705a00000, 0x0000000705b00000|  0%| F|  |TAMS 0x0000000705a00000, 0x0000000705a00000| Untracked 
|  59|0x0000000705b00000, 0x0000000705b00000, 0x0000000705c00000|  0%| F|  |TAMS 0x0000000705b00000, 0x0000000705b00000| Untracked 
|  60|0x0000000705c00000, 0x0000000705c00000, 0x0000000705d00000|  0%| F|  |TAMS 0x0000000705c00000, 0x0000000705c00000| Untracked 
|  61|0x0000000705d00000, 0x0000000705d00000, 0x0000000705e00000|  0%| F|  |TAMS 0x0000000705d00000, 0x0000000705d00000| Untracked 
|  62|0x0000000705e00000, 0x0000000705e00000, 0x0000000705f00000|  0%| F|  |TAMS 0x0000000705e00000, 0x0000000705e00000| Untracked 
|  63|0x0000000705f00000, 0x0000000705f00000, 0x0000000706000000|  0%| F|  |TAMS 0x0000000705f00000, 0x0000000705f00000| Untracked 
|  64|0x0000000706000000, 0x0000000706000000, 0x0000000706100000|  0%| F|  |TAMS 0x0000000706000000, 0x0000000706000000| Untracked 
|  65|0x0000000706100000, 0x0000000706100000, 0x0000000706200000|  0%| F|  |TAMS 0x0000000706100000, 0x0000000706100000| Untracked 
|  66|0x0000000706200000, 0x0000000706200000, 0x0000000706300000|  0%| F|  |TAMS 0x0000000706200000, 0x0000000706200000| Untracked 
|  67|0x0000000706300000, 0x0000000706300000, 0x0000000706400000|  0%| F|  |TAMS 0x0000000706300000, 0x0000000706300000| Untracked 
|  68|0x0000000706400000, 0x0000000706400000, 0x0000000706500000|  0%| F|  |TAMS 0x0000000706400000, 0x0000000706400000| Untracked 
|  69|0x0000000706500000, 0x0000000706500000, 0x0000000706600000|  0%| F|  |TAMS 0x0000000706500000, 0x0000000706500000| Untracked 
|  70|0x0000000706600000, 0x0000000706600000, 0x0000000706700000|  0%| F|  |TAMS 0x0000000706600000, 0x0000000706600000| Untracked 
|  71|0x0000000706700000, 0x0000000706700000, 0x0000000706800000|  0%| F|  |TAMS 0x0000000706700000, 0x0000000706700000| Untracked 
|  72|0x0000000706800000, 0x0000000706800000, 0x0000000706900000|  0%| F|  |TAMS 0x0000000706800000, 0x0000000706800000| Untracked 
|  73|0x0000000706900000, 0x0000000706900000, 0x0000000706a00000|  0%| F|  |TAMS 0x0000000706900000, 0x0000000706900000| Untracked 
|  74|0x0000000706a00000, 0x0000000706a00000, 0x0000000706b00000|  0%| F|  |TAMS 0x0000000706a00000, 0x0000000706a00000| Untracked 
|  75|0x0000000706b00000, 0x0000000706b00000, 0x0000000706c00000|  0%| F|  |TAMS 0x0000000706b00000, 0x0000000706b00000| Untracked 
|  76|0x0000000706c00000, 0x0000000706c00000, 0x0000000706d00000|  0%| F|  |TAMS 0x0000000706c00000, 0x0000000706c00000| Untracked 
|  77|0x0000000706d00000, 0x0000000706d00000, 0x0000000706e00000|  0%| F|  |TAMS 0x0000000706d00000, 0x0000000706d00000| Untracked 
|  78|0x0000000706e00000, 0x0000000706e00000, 0x0000000706f00000|  0%| F|  |TAMS 0x0000000706e00000, 0x0000000706e00000| Untracked 
|  79|0x0000000706f00000, 0x0000000706f00000, 0x0000000707000000|  0%| F|  |TAMS 0x0000000706f00000, 0x0000000706f00000| Untracked 
|  80|0x0000000707000000, 0x0000000707000000, 0x0000000707100000|  0%| F|  |TAMS 0x0000000707000000, 0x0000000707000000| Untracked 
|  81|0x0000000707100000, 0x0000000707100000, 0x0000000707200000|  0%| F|  |TAMS 0x0000000707100000, 0x0000000707100000| Untracked 
|  82|0x0000000707200000, 0x0000000707200000, 0x0000000707300000|  0%| F|  |TAMS 0x0000000707200000, 0x0000000707200000| Untracked 
|  83|0x0000000707300000, 0x0000000707300000, 0x0000000707400000|  0%| F|  |TAMS 0x0000000707300000, 0x0000000707300000| Untracked 
|  84|0x0000000707400000, 0x0000000707400000, 0x0000000707500000|  0%| F|  |TAMS 0x0000000707400000, 0x0000000707400000| Untracked 
|  85|0x0000000707500000, 0x0000000707500000, 0x0000000707600000|  0%| F|  |TAMS 0x0000000707500000, 0x0000000707500000| Untracked 
|  86|0x0000000707600000, 0x0000000707600000, 0x0000000707700000|  0%| F|  |TAMS 0x0000000707600000, 0x0000000707600000| Untracked 
|  87|0x0000000707700000, 0x0000000707700000, 0x0000000707800000|  0%| F|  |TAMS 0x0000000707700000, 0x0000000707700000| Untracked 
|  88|0x0000000707800000, 0x0000000707800000, 0x0000000707900000|  0%| F|  |TAMS 0x0000000707800000, 0x0000000707800000| Untracked 
|  89|0x0000000707900000, 0x0000000707900000, 0x0000000707a00000|  0%| F|  |TAMS 0x0000000707900000, 0x0000000707900000| Untracked 
|  90|0x0000000707a00000, 0x0000000707a00000, 0x0000000707b00000|  0%| F|  |TAMS 0x0000000707a00000, 0x0000000707a00000| Untracked 
|  91|0x0000000707b00000, 0x0000000707b00000, 0x0000000707c00000|  0%| F|  |TAMS 0x0000000707b00000, 0x0000000707b00000| Untracked 
|  92|0x0000000707c00000, 0x0000000707c00000, 0x0000000707d00000|  0%| F|  |TAMS 0x0000000707c00000, 0x0000000707c00000| Untracked 
|  93|0x0000000707d00000, 0x0000000707d00000, 0x0000000707e00000|  0%| F|  |TAMS 0x0000000707d00000, 0x0000000707d00000| Untracked 
|  94|0x0000000707e00000, 0x0000000707e00000, 0x0000000707f00000|  0%| F|  |TAMS 0x0000000707e00000, 0x0000000707e00000| Untracked 
|  95|0x0000000707f00000, 0x0000000707f00000, 0x0000000708000000|  0%| F|  |TAMS 0x0000000707f00000, 0x0000000707f00000| Untracked 
|  96|0x0000000708000000, 0x0000000708000000, 0x0000000708100000|  0%| F|  |TAMS 0x0000000708000000, 0x0000000708000000| Untracked 
|  97|0x0000000708100000, 0x0000000708100000, 0x0000000708200000|  0%| F|  |TAMS 0x0000000708100000, 0x0000000708100000| Untracked 
|  98|0x0000000708200000, 0x0000000708200000, 0x0000000708300000|  0%| F|  |TAMS 0x0000000708200000, 0x0000000708200000| Untracked 
|  99|0x0000000708300000, 0x0000000708300000, 0x0000000708400000|  0%| F|  |TAMS 0x0000000708300000, 0x0000000708300000| Untracked 
| 100|0x0000000708400000, 0x0000000708400000, 0x0000000708500000|  0%| F|  |TAMS 0x0000000708400000, 0x0000000708400000| Untracked 
| 101|0x0000000708500000, 0x0000000708500000, 0x0000000708600000|  0%| F|  |TAMS 0x0000000708500000, 0x0000000708500000| Untracked 
| 102|0x0000000708600000, 0x0000000708600000, 0x0000000708700000|  0%| F|  |TAMS 0x0000000708600000, 0x0000000708600000| Untracked 
| 103|0x0000000708700000, 0x0000000708700000, 0x0000000708800000|  0%| F|  |TAMS 0x0000000708700000, 0x0000000708700000| Untracked 
| 104|0x0000000708800000, 0x0000000708800000, 0x0000000708900000|  0%| F|  |TAMS 0x0000000708800000, 0x0000000708800000| Untracked 
| 105|0x0000000708900000, 0x0000000708900000, 0x0000000708a00000|  0%| F|  |TAMS 0x0000000708900000, 0x0000000708900000| Untracked 
| 106|0x0000000708a00000, 0x0000000708a00000, 0x0000000708b00000|  0%| F|  |TAMS 0x0000000708a00000, 0x0000000708a00000| Untracked 
| 107|0x0000000708b00000, 0x0000000708b9b720, 0x0000000708c00000| 60%| S|CS|TAMS 0x0000000708b00000, 0x0000000708b00000| Complete 
| 108|0x0000000708c00000, 0x0000000708d00000, 0x0000000708d00000|100%| S|CS|TAMS 0x0000000708c00000, 0x0000000708c00000| Complete 
| 109|0x0000000708d00000, 0x0000000708e00000, 0x0000000708e00000|100%| S|CS|TAMS 0x0000000708d00000, 0x0000000708d00000| Complete 
| 110|0x0000000708e00000, 0x0000000708e00000, 0x0000000708f00000|  0%| F|  |TAMS 0x0000000708e00000, 0x0000000708e00000| Untracked 
| 111|0x0000000708f00000, 0x0000000708f00000, 0x0000000709000000|  0%| F|  |TAMS 0x0000000708f00000, 0x0000000708f00000| Untracked 
| 112|0x0000000709000000, 0x0000000709000000, 0x0000000709100000|  0%| F|  |TAMS 0x0000000709000000, 0x0000000709000000| Untracked 
| 113|0x0000000709100000, 0x0000000709100000, 0x0000000709200000|  0%| F|  |TAMS 0x0000000709100000, 0x0000000709100000| Untracked 
| 114|0x0000000709200000, 0x0000000709200000, 0x0000000709300000|  0%| F|  |TAMS 0x0000000709200000, 0x0000000709200000| Untracked 
| 115|0x0000000709300000, 0x0000000709300000, 0x0000000709400000|  0%| F|  |TAMS 0x0000000709300000, 0x0000000709300000| Untracked 
| 116|0x0000000709400000, 0x0000000709400000, 0x0000000709500000|  0%| F|  |TAMS 0x0000000709400000, 0x0000000709400000| Untracked 
| 117|0x0000000709500000, 0x0000000709500000, 0x0000000709600000|  0%| F|  |TAMS 0x0000000709500000, 0x0000000709500000| Untracked 
| 118|0x0000000709600000, 0x0000000709600000, 0x0000000709700000|  0%| F|  |TAMS 0x0000000709600000, 0x0000000709600000| Untracked 
| 119|0x0000000709700000, 0x0000000709700000, 0x0000000709800000|  0%| F|  |TAMS 0x0000000709700000, 0x0000000709700000| Untracked 
| 120|0x0000000709800000, 0x0000000709800000, 0x0000000709900000|  0%| F|  |TAMS 0x0000000709800000, 0x0000000709800000| Untracked 
| 121|0x0000000709900000, 0x0000000709900000, 0x0000000709a00000|  0%| F|  |TAMS 0x0000000709900000, 0x0000000709900000| Untracked 
| 122|0x0000000709a00000, 0x0000000709a00000, 0x0000000709b00000|  0%| F|  |TAMS 0x0000000709a00000, 0x0000000709a00000| Untracked 
| 123|0x0000000709b00000, 0x0000000709b00000, 0x0000000709c00000|  0%| F|  |TAMS 0x0000000709b00000, 0x0000000709b00000| Untracked 
| 124|0x0000000709c00000, 0x0000000709c00000, 0x0000000709d00000|  0%| F|  |TAMS 0x0000000709c00000, 0x0000000709c00000| Untracked 
| 125|0x0000000709d00000, 0x0000000709d00000, 0x0000000709e00000|  0%| F|  |TAMS 0x0000000709d00000, 0x0000000709d00000| Untracked 
| 126|0x0000000709e00000, 0x0000000709e00000, 0x0000000709f00000|  0%| F|  |TAMS 0x0000000709e00000, 0x0000000709e00000| Untracked 
| 127|0x0000000709f00000, 0x0000000709f00000, 0x000000070a000000|  0%| F|  |TAMS 0x0000000709f00000, 0x0000000709f00000| Untracked 
| 128|0x000000070a000000, 0x000000070a000000, 0x000000070a100000|  0%| F|  |TAMS 0x000000070a000000, 0x000000070a000000| Untracked 
| 129|0x000000070a100000, 0x000000070a100000, 0x000000070a200000|  0%| F|  |TAMS 0x000000070a100000, 0x000000070a100000| Untracked 
| 130|0x000000070a200000, 0x000000070a200000, 0x000000070a300000|  0%| F|  |TAMS 0x000000070a200000, 0x000000070a200000| Untracked 
| 131|0x000000070a300000, 0x000000070a300000, 0x000000070a400000|  0%| F|  |TAMS 0x000000070a300000, 0x000000070a300000| Untracked 
| 132|0x000000070a400000, 0x000000070a400000, 0x000000070a500000|  0%| F|  |TAMS 0x000000070a400000, 0x000000070a400000| Untracked 
| 133|0x000000070a500000, 0x000000070a500000, 0x000000070a600000|  0%| F|  |TAMS 0x000000070a500000, 0x000000070a500000| Untracked 
| 134|0x000000070a600000, 0x000000070a600000, 0x000000070a700000|  0%| F|  |TAMS 0x000000070a600000, 0x000000070a600000| Untracked 
| 135|0x000000070a700000, 0x000000070a700000, 0x000000070a800000|  0%| F|  |TAMS 0x000000070a700000, 0x000000070a700000| Untracked 
| 136|0x000000070a800000, 0x000000070a800000, 0x000000070a900000|  0%| F|  |TAMS 0x000000070a800000, 0x000000070a800000| Untracked 
| 137|0x000000070a900000, 0x000000070a900000, 0x000000070aa00000|  0%| F|  |TAMS 0x000000070a900000, 0x000000070a900000| Untracked 
| 138|0x000000070aa00000, 0x000000070aa00000, 0x000000070ab00000|  0%| F|  |TAMS 0x000000070aa00000, 0x000000070aa00000| Untracked 
| 139|0x000000070ab00000, 0x000000070ab00000, 0x000000070ac00000|  0%| F|  |TAMS 0x000000070ab00000, 0x000000070ab00000| Untracked 
| 140|0x000000070ac00000, 0x000000070ac00000, 0x000000070ad00000|  0%| F|  |TAMS 0x000000070ac00000, 0x000000070ac00000| Untracked 
| 141|0x000000070ad00000, 0x000000070ad00000, 0x000000070ae00000|  0%| F|  |TAMS 0x000000070ad00000, 0x000000070ad00000| Untracked 
| 142|0x000000070ae00000, 0x000000070ae00000, 0x000000070af00000|  0%| F|  |TAMS 0x000000070ae00000, 0x000000070ae00000| Untracked 
| 143|0x000000070af00000, 0x000000070af00000, 0x000000070b000000|  0%| F|  |TAMS 0x000000070af00000, 0x000000070af00000| Untracked 
| 144|0x000000070b000000, 0x000000070b000000, 0x000000070b100000|  0%| F|  |TAMS 0x000000070b000000, 0x000000070b000000| Untracked 
| 145|0x000000070b100000, 0x000000070b100000, 0x000000070b200000|  0%| F|  |TAMS 0x000000070b100000, 0x000000070b100000| Untracked 
| 146|0x000000070b200000, 0x000000070b200000, 0x000000070b300000|  0%| F|  |TAMS 0x000000070b200000, 0x000000070b200000| Untracked 
| 147|0x000000070b300000, 0x000000070b358de0, 0x000000070b400000| 34%| E|  |TAMS 0x000000070b300000, 0x000000070b300000| Complete 
| 148|0x000000070b400000, 0x000000070b500000, 0x000000070b500000|100%| E|CS|TAMS 0x000000070b400000, 0x000000070b400000| Complete 
| 149|0x000000070b500000, 0x000000070b600000, 0x000000070b600000|100%| E|CS|TAMS 0x000000070b500000, 0x000000070b500000| Complete 
| 150|0x000000070b600000, 0x000000070b700000, 0x000000070b700000|100%| E|CS|TAMS 0x000000070b600000, 0x000000070b600000| Complete 
| 253|0x0000000711d00000, 0x0000000711e00000, 0x0000000711e00000|100%| E|CS|TAMS 0x0000000711d00000, 0x0000000711d00000| Complete 

Card table byte_map: [0x0000020d413d0000,0x0000020d41bc0000] _byte_map_base: 0x0000020d3dbc0000

Marking Bits (Prev, Next): (CMBitMap*) 0x0000020d274f6748, (CMBitMap*) 0x0000020d274f6708
 Prev Bits: [0x0000020d46330000, 0x0000020d4a2b0000)
 Next Bits: [0x0000020d423b0000, 0x0000020d46330000)

Polling page: 0x0000020d27560000

Metaspace:

Usage:
  Non-class:     36.19 MB capacity,    35.36 MB ( 98%) used,   699.75 KB (  2%) free+waste,   149.81 KB ( <1%) overhead. 
      Class:      5.29 MB capacity,     4.80 MB ( 91%) used,   428.29 KB (  8%) free+waste,    69.31 KB (  1%) overhead. 
       Both:     41.48 MB capacity,    40.16 MB ( 97%) used,     1.10 MB (  3%) free+waste,   219.13 KB ( <1%) overhead. 

Virtual space:
  Non-class space:       38.00 MB reserved,      36.25 MB ( 95%) committed 
      Class space:        1.00 GB reserved,       5.38 MB ( <1%) committed 
             Both:        1.04 GB reserved,      41.63 MB (  4%) committed 

Chunk freelists:
   Non-Class:  61.00 KB
       Class:  26.00 KB
        Both:  87.00 KB

MaxMetaspaceSize: 17179869184.00 GB
CompressedClassSpaceSize: 1.00 GB

CodeHeap 'non-profiled nmethods': size=120000Kb used=2985Kb max_used=2985Kb free=117014Kb
 bounds [0x0000020d38c50000, 0x0000020d38f40000, 0x0000020d40180000]
CodeHeap 'profiled nmethods': size=120000Kb used=10255Kb max_used=10580Kb free=109744Kb
 bounds [0x0000020d31720000, 0x0000020d321a0000, 0x0000020d38c50000]
CodeHeap 'non-nmethods': size=5760Kb used=1390Kb max_used=1392Kb free=4369Kb
 bounds [0x0000020d31180000, 0x0000020d313f0000, 0x0000020d31720000]
 total_blobs=6863 nmethods=4171 adapters=446
 compilation: enabled
              stopped_count=0, restarted_count=0
 full_count=0

Compilation events (20 events):
Event: 53.380 Thread 0x0000020d4d6d5800 nmethod 4837 0x0000020d317a9390 code [0x0000020d317a95c0, 0x0000020d317a9e10]
Event: 53.380 Thread 0x0000020d4d6d5800 4838       3       java.lang.reflect.Method::getTypeParameters (20 bytes)
Event: 53.382 Thread 0x0000020d4d6d5800 nmethod 4838 0x0000020d317a7d90 code [0x0000020d317a8000, 0x0000020d317a8ef0]
Event: 53.382 Thread 0x0000020d4d6d5800 4841   !   3       jdk.internal.loader.AbstractClassLoaderValue::computeIfAbsent (113 bytes)
Event: 53.383 Thread 0x0000020d4d6d5800 nmethod 4841 0x0000020d3199de10 code [0x0000020d3199e0c0, 0x0000020d3199f250]
Event: 53.383 Thread 0x0000020d4d6d5800 4842   !   3       java.lang.reflect.Executable::sharedToGenericString (255 bytes)
Event: 53.389 Thread 0x0000020d4d6d5800 nmethod 4842 0x0000020d31d05790 code [0x0000020d31d05fa0, 0x0000020d31d0aac0]
Event: 53.389 Thread 0x0000020d4d6d5800 4845       1       org.springframework.beans.GenericTypeAwarePropertyDescriptor::getReadMethod (5 bytes)
Event: 53.389 Thread 0x0000020d4d6d5800 nmethod 4845 0x0000020d38df9610 code [0x0000020d38df97a0, 0x0000020d38df98d8]
Event: 53.389 Thread 0x0000020d4d6d5800 4846       3       org.springframework.core.ResolvableType::forMethodParameter (9 bytes)
Event: 53.389 Thread 0x0000020d4d6d5800 nmethod 4846 0x0000020d3206d610 code [0x0000020d3206d800, 0x0000020d3206dc20]
Event: 53.389 Thread 0x0000020d4d6d5800 4850       3       java.util.concurrent.ConcurrentHashMap::<init> (9 bytes)
Event: 53.390 Thread 0x0000020d4d6d5800 nmethod 4850 0x0000020d31d05310 code [0x0000020d31d054e0, 0x0000020d31d056b0]
Event: 53.390 Thread 0x0000020d4d6d5800 4848       1       org.springframework.beans.GenericTypeAwarePropertyDescriptor::getWriteMethod (5 bytes)
Event: 53.390 Thread 0x0000020d4d6d5800 nmethod 4848 0x0000020d38df9290 code [0x0000020d38df9420, 0x0000020d38df9558]
Event: 53.390 Thread 0x0000020d4d6d5800 4839       3       java.lang.reflect.Method::specificToGenericStringHeader (48 bytes)
Event: 53.391 Thread 0x0000020d4d6d5800 nmethod 4839 0x0000020d318c5c90 code [0x0000020d318c5fe0, 0x0000020d318c76c0]
Event: 53.391 Thread 0x0000020d4d6d5800 4847       1       org.springframework.beans.PropertyValue::isOptional (5 bytes)
Event: 53.391 Thread 0x0000020d4d6d5800 nmethod 4847 0x0000020d38df8f10 code [0x0000020d38df90a0, 0x0000020d38df91d8]
Event: 53.391 Thread 0x0000020d4d6d5800 4854       3       org.springframework.util.StringUtils::delimitedListToStringArray (164 bytes)

GC Heap History (20 events):
Event: 7.619 GC heap before
{Heap before GC invocations=8 (full 0):
 garbage-first heap   total 37888K, used 28321K [0x0000000702000000, 0x0000000800000000)
  region size 1024K, 16 young (16384K), 2 survivors (2048K)
 Metaspace       used 30950K, capacity 32066K, committed 32128K, reserved 1077248K
  class space    used 3760K, capacity 4211K, committed 4224K, reserved 1048576K
}
Event: 7.623 GC heap after
{Heap after GC invocations=9 (full 0):
 garbage-first heap   total 37888K, used 14755K [0x0000000702000000, 0x0000000800000000)
  region size 1024K, 1 young (1024K), 1 survivors (1024K)
 Metaspace       used 30950K, capacity 32066K, committed 32128K, reserved 1077248K
  class space    used 3760K, capacity 4211K, committed 4224K, reserved 1048576K
}
Event: 7.773 GC heap before
{Heap before GC invocations=9 (full 0):
 garbage-first heap   total 37888K, used 27043K [0x0000000702000000, 0x0000000800000000)
  region size 1024K, 14 young (14336K), 1 survivors (1024K)
 Metaspace       used 31299K, capacity 32420K, committed 32768K, reserved 1077248K
  class space    used 3791K, capacity 4243K, committed 4352K, reserved 1048576K
}
Event: 7.777 GC heap after
{Heap after GC invocations=10 (full 0):
 garbage-first heap   total 37888K, used 17614K [0x0000000702000000, 0x0000000800000000)
  region size 1024K, 2 young (2048K), 2 survivors (2048K)
 Metaspace       used 31299K, capacity 32420K, committed 32768K, reserved 1077248K
  class space    used 3791K, capacity 4243K, committed 4352K, reserved 1048576K
}
Event: 7.938 GC heap before
{Heap before GC invocations=10 (full 0):
 garbage-first heap   total 37888K, used 28878K [0x0000000702000000, 0x0000000800000000)
  region size 1024K, 13 young (13312K), 2 survivors (2048K)
 Metaspace       used 31452K, capacity 32557K, committed 32768K, reserved 1077248K
  class space    used 3803K, capacity 4246K, committed 4352K, reserved 1048576K
}
Event: 7.942 GC heap after
{Heap after GC invocations=11 (full 0):
 garbage-first heap   total 37888K, used 20133K [0x0000000702000000, 0x0000000800000000)
  region size 1024K, 2 young (2048K), 2 survivors (2048K)
 Metaspace       used 31452K, capacity 32557K, committed 32768K, reserved 1077248K
  class space    used 3803K, capacity 4246K, committed 4352K, reserved 1048576K
}
Event: 7.980 GC heap before
{Heap before GC invocations=11 (full 0):
 garbage-first heap   total 37888K, used 28325K [0x0000000702000000, 0x0000000800000000)
  region size 1024K, 10 young (10240K), 2 survivors (2048K)
 Metaspace       used 31495K, capacity 32621K, committed 32768K, reserved 1077248K
  class space    used 3803K, capacity 4246K, committed 4352K, reserved 1048576K
}
Event: 7.987 GC heap after
{Heap after GC invocations=12 (full 0):
 garbage-first heap   total 37888K, used 22412K [0x0000000702000000, 0x0000000800000000)
  region size 1024K, 2 young (2048K), 2 survivors (2048K)
 Metaspace       used 31495K, capacity 32621K, committed 32768K, reserved 1077248K
  class space    used 3803K, capacity 4246K, committed 4352K, reserved 1048576K
}
Event: 8.053 GC heap before
{Heap before GC invocations=13 (full 0):
 garbage-first heap   total 45056K, used 27532K [0x0000000702000000, 0x0000000800000000)
  region size 1024K, 8 young (8192K), 2 survivors (2048K)
 Metaspace       used 31499K, capacity 32615K, committed 32768K, reserved 1077248K
  class space    used 3803K, capacity 4245K, committed 4352K, reserved 1048576K
}
Event: 8.057 GC heap after
{Heap after GC invocations=14 (full 0):
 garbage-first heap   total 45056K, used 24279K [0x0000000702000000, 0x0000000800000000)
  region size 1024K, 1 young (1024K), 1 survivors (1024K)
 Metaspace       used 31499K, capacity 32615K, committed 32768K, reserved 1077248K
  class space    used 3803K, capacity 4245K, committed 4352K, reserved 1048576K
}
Event: 8.254 GC heap before
{Heap before GC invocations=14 (full 0):
 garbage-first heap   total 45056K, used 31447K [0x0000000702000000, 0x0000000800000000)
  region size 1024K, 8 young (8192K), 1 survivors (1024K)
 Metaspace       used 31510K, capacity 32616K, committed 32768K, reserved 1077248K
  class space    used 3803K, capacity 4245K, committed 4352K, reserved 1048576K
}
Event: 8.257 GC heap after
{Heap after GC invocations=15 (full 0):
 garbage-first heap   total 45056K, used 25984K [0x0000000702000000, 0x0000000800000000)
  region size 1024K, 1 young (1024K), 1 survivors (1024K)
 Metaspace       used 31510K, capacity 32616K, committed 32768K, reserved 1077248K
  class space    used 3803K, capacity 4245K, committed 4352K, reserved 1048576K
}
Event: 8.281 GC heap before
{Heap before GC invocations=15 (full 0):
 garbage-first heap   total 45056K, used 32128K [0x0000000702000000, 0x0000000800000000)
  region size 1024K, 7 young (7168K), 1 survivors (1024K)
 Metaspace       used 31513K, capacity 32616K, committed 32768K, reserved 1077248K
  class space    used 3803K, capacity 4245K, committed 4352K, reserved 1048576K
}
Event: 8.284 GC heap after
{Heap after GC invocations=16 (full 0):
 garbage-first heap   total 45056K, used 27341K [0x0000000702000000, 0x0000000800000000)
  region size 1024K, 1 young (1024K), 1 survivors (1024K)
 Metaspace       used 31513K, capacity 32616K, committed 32768K, reserved 1077248K
  class space    used 3803K, capacity 4245K, committed 4352K, reserved 1048576K
}
Event: 8.328 GC heap before
{Heap before GC invocations=17 (full 0):
 garbage-first heap   total 51200K, used 32461K [0x0000000702000000, 0x0000000800000000)
  region size 1024K, 7 young (7168K), 1 survivors (1024K)
 Metaspace       used 31517K, capacity 32616K, committed 32768K, reserved 1077248K
  class space    used 3803K, capacity 4245K, committed 4352K, reserved 1048576K
}
Event: 8.331 GC heap after
{Heap after GC invocations=18 (full 0):
 garbage-first heap   total 51200K, used 29448K [0x0000000702000000, 0x0000000800000000)
  region size 1024K, 1 young (1024K), 1 survivors (1024K)
 Metaspace       used 31517K, capacity 32616K, committed 32768K, reserved 1077248K
  class space    used 3803K, capacity 4245K, committed 4352K, reserved 1048576K
}
Event: 8.400 GC heap before
{Heap before GC invocations=18 (full 0):
 garbage-first heap   total 51200K, used 29448K [0x0000000702000000, 0x0000000800000000)
  region size 1024K, 2 young (2048K), 1 survivors (1024K)
 Metaspace       used 31552K, capacity 32626K, committed 32768K, reserved 1077248K
  class space    used 3804K, capacity 4246K, committed 4352K, reserved 1048576K
}
Event: 8.405 GC heap after
{Heap after GC invocations=19 (full 0):
 garbage-first heap   total 155648K, used 25441K [0x0000000702000000, 0x0000000800000000)
  region size 1024K, 1 young (1024K), 1 survivors (1024K)
 Metaspace       used 31552K, capacity 32626K, committed 32768K, reserved 1077248K
  class space    used 3804K, capacity 4246K, committed 4352K, reserved 1048576K
}
Event: 53.195 GC heap before
{Heap before GC invocations=19 (full 0):
 garbage-first heap   total 155648K, used 66401K [0x0000000702000000, 0x0000000800000000)
  region size 1024K, 42 young (43008K), 1 survivors (1024K)
 Metaspace       used 39306K, capacity 40602K, committed 40832K, reserved 1085440K
  class space    used 4724K, capacity 5217K, committed 5248K, reserved 1048576K
}
Event: 53.201 GC heap after
{Heap after GC invocations=20 (full 0):
 garbage-first heap   total 155648K, used 27884K [0x0000000702000000, 0x0000000800000000)
  region size 1024K, 3 young (3072K), 3 survivors (3072K)
 Metaspace       used 39306K, capacity 40602K, committed 40832K, reserved 1085440K
  class space    used 4724K, capacity 5217K, committed 5248K, reserved 1048576K
}

Deoptimization events (20 events):
Event: 53.377 Thread 0x0000020d4fe37000 DEOPT PACKING pc=0x0000020d38d19af8 sp=0x000000d9e4bf9300
Event: 53.377 Thread 0x0000020d4fe37000 DEOPT UNPACKING pc=0x0000020d311c964e sp=0x000000d9e4bf8798 mode 1
Event: 53.377 Thread 0x0000020d4fe37000 DEOPT PACKING pc=0x0000020d3190bac4 sp=0x000000d9e4bf9d80
Event: 53.377 Thread 0x0000020d4fe37000 DEOPT UNPACKING pc=0x0000020d311c964e sp=0x000000d9e4bf9270 mode 1
Event: 53.377 Thread 0x0000020d4fe37000 DEOPT PACKING pc=0x0000020d31ba698c sp=0x000000d9e4bf82d0
Event: 53.377 Thread 0x0000020d4fe37000 DEOPT UNPACKING pc=0x0000020d311c964e sp=0x000000d9e4bf77f8 mode 1
Event: 53.377 Thread 0x0000020d4fe37000 DEOPT PACKING pc=0x0000020d31ba531c sp=0x000000d9e4bf83b0
Event: 53.377 Thread 0x0000020d4fe37000 DEOPT UNPACKING pc=0x0000020d311c964e sp=0x000000d9e4bf7938 mode 1
Event: 53.378 Thread 0x0000020d4fe37000 DEOPT PACKING pc=0x0000020d38d19af8 sp=0x000000d9e4bf79c0
Event: 53.378 Thread 0x0000020d4fe37000 DEOPT UNPACKING pc=0x0000020d311c964e sp=0x000000d9e4bf6e58 mode 1
Event: 53.378 Thread 0x0000020d4fe37000 DEOPT PACKING pc=0x0000020d3190bac4 sp=0x000000d9e4bf8440
Event: 53.378 Thread 0x0000020d4fe37000 DEOPT UNPACKING pc=0x0000020d311c964e sp=0x000000d9e4bf7930 mode 1
Event: 53.378 Thread 0x0000020d4fe37000 DEOPT PACKING pc=0x0000020d38d19af8 sp=0x000000d9e4bf85b0
Event: 53.378 Thread 0x0000020d4fe37000 DEOPT UNPACKING pc=0x0000020d311c964e sp=0x000000d9e4bf7a48 mode 1
Event: 53.378 Thread 0x0000020d4fe37000 DEOPT PACKING pc=0x0000020d3190bac4 sp=0x000000d9e4bf9030
Event: 53.378 Thread 0x0000020d4fe37000 DEOPT UNPACKING pc=0x0000020d311c964e sp=0x000000d9e4bf8520 mode 1
Event: 53.379 Thread 0x0000020d4fe37000 DEOPT PACKING pc=0x0000020d3190bac4 sp=0x000000d9e4bf9d10
Event: 53.379 Thread 0x0000020d4fe37000 DEOPT UNPACKING pc=0x0000020d311c964e sp=0x000000d9e4bf9200 mode 1
Event: 53.379 Thread 0x0000020d4fe37000 DEOPT PACKING pc=0x0000020d31b4c394 sp=0x000000d9e4bf9d50
Event: 53.379 Thread 0x0000020d4fe37000 DEOPT UNPACKING pc=0x0000020d311c964e sp=0x000000d9e4bf9220 mode 1

Classes unloaded (1 events):
Event: 8.020 Thread 0x0000020d4ce2d000 Unloading class 0x0000000800eb3840 'jdk/internal/reflect/GeneratedSerializationConstructorAccessor1'

Classes redefined (0 events):
No events

Internal exceptions (20 events):
Event: 6.954 Thread 0x0000020d4e4dd800 Exception <a 'java/lang/ClassNotFoundException'{0x00000007036eff68}: org/springframework/beans/factory/AwareCustomizer> (0x00000007036eff68) 
thrown [t:/workspace/open/src/hotspot/share/classfile/systemDictionary.cpp, line 232]
Event: 6.955 Thread 0x0000020d4e4dd800 Exception <a 'java/lang/ClassNotFoundException'{0x00000007036fcf10}: org/springframework/context/ApplicationContextAwareCustomizer> (0x00000007036fcf10) 
thrown [t:/workspace/open/src/hotspot/share/classfile/systemDictionary.cpp, line 232]
Event: 6.962 Thread 0x0000020d4e4dd800 Exception <a 'java/lang/ClassNotFoundException'{0x0000000711d0a758}: org/springframework/beans/factory/AwareCustomizer> (0x0000000711d0a758) 
thrown [t:/workspace/open/src/hotspot/share/classfile/systemDictionary.cpp, line 232]
Event: 6.962 Thread 0x0000020d4e4dd800 Exception <a 'java/lang/ClassNotFoundException'{0x0000000711d176d8}: org/springframework/web/context/ServletContextAwareCustomizer> (0x0000000711d176d8) 
thrown [t:/workspace/open/src/hotspot/share/classfile/systemDictionary.cpp, line 232]
Event: 6.963 Thread 0x0000020d4e4dd800 Exception <a 'java/lang/ClassNotFoundException'{0x0000000711d242d8}: org/springframework/beans/factory/AwareCustomizer> (0x0000000711d242d8) 
thrown [t:/workspace/open/src/hotspot/share/classfile/systemDictionary.cpp, line 232]
Event: 7.001 Thread 0x0000020d4e4dd800 Exception <a 'java/lang/NoSuchMethodError'{0x0000000709d9bd18}: 'int java.lang.invoke.DirectMethodHandle$Holder.invokeStatic(java.lang.Object, java.lang.Object, int)'> (0x0000000709d9bd18) 
thrown [t:/workspace/open/src/hotspot/share/interpreter/linkResolver.cpp, line 767]
Event: 7.179 Thread 0x0000020d4e4dd800 Exception <a 'java/lang/NoSuchMethodError'{0x0000000703ac0960}: 'void java.lang.invoke.DirectMethodHandle$Holder.invokeVirtual(java.lang.Object, java.lang.Object, int)'> (0x0000000703ac0960) 
thrown [t:/workspace/open/src/hotspot/share/interpreter/linkResolver.cpp, line 767]
Event: 7.182 Thread 0x0000020d4e4dd800 Exception <a 'java/lang/NoSuchMethodError'{0x0000000703ad9740}: 'void java.lang.invoke.DirectMethodHandle$Holder.invokeVirtual(java.lang.Object, java.lang.Object, long)'> (0x0000000703ad9740) 
thrown [t:/workspace/open/src/hotspot/share/interpreter/linkResolver.cpp, line 767]
Event: 7.520 Thread 0x0000020d4e4dd800 Exception <a 'java/lang/IncompatibleClassChangeError'{0x0000000703bc0750}: Found class java.lang.Object, but interface was expected> (0x0000000703bc0750) 
thrown [t:/workspace/open/src/hotspot/share/interpreter/linkResolver.cpp, line 833]
Event: 7.859 Thread 0x0000020d4fe32000 Implicit null exception at 0x0000020d38e2e2ee to 0x0000020d38e2e3a2
Event: 8.433 Thread 0x0000020d4e4dd800 Exception <a 'java/lang/NoSuchMethodError'{0x000000070b617000}: 'int java.lang.invoke.DirectMethodHandle$Holder.invokeStaticInit(java.lang.Object, java.lang.Object, java.lang.Object, java.lang.Object)'> (0x000000070b617000) 
thrown [t:/workspace/open/src/hotspot/share/interpreter/linkResolver.cpp, line 767]
Event: 8.782 Thread 0x0000020d4e4dd800 Exception <a 'java/lang/NoSuchMethodError'{0x000000070aa08f38}: 'java.lang.Object java.lang.invoke.DirectMethodHandle$Holder.invokeSpecial(java.lang.Object, java.lang.Object, int, java.lang.Object, int, java.lang.Object)'> (0x000000070aa08f38) 
thrown [t:/workspace/open/src/hotspot/share/interpreter/linkResolver.cpp, line 767]
Event: 8.783 Thread 0x0000020d4e4dd800 Exception <a 'java/lang/NoSuchMethodError'{0x000000070aa0fd90}: 'java.lang.Object java.lang.invoke.DirectMethodHandle$Holder.invokeStatic(java.lang.Object, java.lang.Object, int, java.lang.Object, int)'> (0x000000070aa0fd90) 
thrown [t:/workspace/open/src/hotspot/share/interpreter/linkResolver.cpp, line 767]
Event: 8.783 Thread 0x0000020d4e4dd800 Exception <a 'java/lang/NoSuchMethodError'{0x000000070aa13140}: 'java.lang.Object java.lang.invoke.DirectMethodHandle$Holder.invokeSpecial(java.lang.Object, java.lang.Object, java.lang.Object, int, java.lang.Object, int)'> (0x000000070aa13140) 
thrown [t:/workspace/open/src/hotspot/share/interpreter/linkResolver.cpp, line 767]
Event: 8.786 Thread 0x0000020d4e4dd800 Exception <a 'java/lang/NoSuchMethodError'{0x000000070aa1ef80}: 'void java.lang.invoke.DirectMethodHandle$Holder.invokeVirtual(java.lang.Object, java.lang.Object)'> (0x000000070aa1ef80) 
thrown [t:/workspace/open/src/hotspot/share/interpreter/linkResolver.cpp, line 767]
Event: 9.595 Thread 0x0000020d4e4dd800 Exception <a 'java/lang/NoSuchMethodError'{0x000000070a98ae08}: 'java.lang.Object java.lang.invoke.Invokers$Holder.linkToTargetMethod(java.lang.Object, int, java.lang.Object)'> (0x000000070a98ae08) 
thrown [t:/workspace/open/src/hotspot/share/interpreter/linkResolver.cpp, line 767]
Event: 52.737 Thread 0x0000020d4fe37000 Exception <a 'sun/nio/fs/WindowsException'{0x0000000709c4b1e8}> (0x0000000709c4b1e8) 
thrown [t:/workspace/open/src/hotspot/share/prims/jni.cpp, line 598]
Event: 53.154 Thread 0x0000020d4fe37000 Exception <a 'java/lang/NoSuchMethodError'{0x0000000708f94fb0}: 'java.lang.Object java.lang.invoke.DirectMethodHandle$Holder.invokeStaticInit(java.lang.Object, java.lang.Object, java.lang.Object, java.lang.Object)'> (0x0000000708f94fb0) 
thrown [t:/workspace/open/src/hotspot/share/interpreter/linkResolver.cpp, line 767]
Event: 53.376 Thread 0x0000020d4fe37000 Exception <a 'java/lang/ClassNotFoundException'{0x000000070b49d890}: java/lang/ObjectCustomizer> (0x000000070b49d890) 
thrown [t:/workspace/open/src/hotspot/share/classfile/systemDictionary.cpp, line 232]
Event: 53.379 Thread 0x0000020d4fe37000 Exception <a 'java/lang/ClassNotFoundException'{0x000000070b4b0ba8}: org/springframework/jdbc/support/SQLErrorCodesCustomizer> (0x000000070b4b0ba8) 
thrown [t:/workspace/open/src/hotspot/share/classfile/systemDictionary.cpp, line 232]

Events (20 events):
Event: 53.359 loading class org/springframework/beans/factory/parsing/BeanComponentDefinition
Event: 53.359 loading class org/springframework/beans/factory/parsing/BeanComponentDefinition done
Event: 53.360 Executing VM operation: Deoptimize
Event: 53.360 Executing VM operation: Deoptimize done
Event: 53.374 loading class org/springframework/jdbc/support/CustomSQLErrorCodesTranslation
Event: 53.374 loading class org/springframework/jdbc/support/CustomSQLErrorCodesTranslation done
Event: 53.375 loading class java/lang/ObjectCustomizer
Event: 53.375 loading class java/lang/ObjectCustomizer done
Event: 53.376 loading class java/lang/ObjectCustomizer
Event: 53.376 loading class java/lang/ObjectCustomizer done
Event: 53.377 loading class org/springframework/jdbc/support/SQLErrorCodesCustomizer
Event: 53.377 loading class org/springframework/jdbc/support/SQLErrorCodesCustomizer done
Event: 53.377 loading class org/springframework/jdbc/support/SQLErrorCodesCustomizer
Event: 53.377 loading class org/springframework/jdbc/support/SQLErrorCodesCustomizer done
Event: 53.379 loading class org/springframework/jdbc/support/SQLErrorCodesCustomizer
Event: 53.379 loading class org/springframework/jdbc/support/SQLErrorCodesCustomizer done
Event: 53.379 Executing VM operation: RevokeBias
Event: 53.379 Executing VM operation: RevokeBias done
Event: 53.387 loading class org/springframework/beans/factory/support/BeanDefinitionValueResolver$KeyedArgName
Event: 53.387 loading class org/springframework/beans/factory/support/BeanDefinitionValueResolver$KeyedArgName done


Dynamic libraries:
0x00007ff6eb9a0000 - 0x00007ff6eb9af000 	C:\Program Files\Java\jdk-13.0.2\bin\java.exe
0x00007ffdbb2d0000 - 0x00007ffdbb4c5000 	C:\WINDOWS\SYSTEM32\ntdll.dll
0x00007ffdbaba0000 - 0x00007ffdbac5d000 	C:\WINDOWS\System32\KERNEL32.DLL
0x00007ffdb8c40000 - 0x00007ffdb8f09000 	C:\WINDOWS\System32\KERNELBASE.dll
0x00007ffdb9090000 - 0x00007ffdb9190000 	C:\WINDOWS\System32\ucrtbase.dll
0x00007ffdb07d0000 - 0x00007ffdb07e8000 	C:\Program Files\Java\jdk-13.0.2\bin\jli.dll
0x00007ffdb0740000 - 0x00007ffdb0755000 	C:\Program Files\Java\jdk-13.0.2\bin\VCRUNTIME140.dll
0x00007ffdbb150000 - 0x00007ffdbb1fc000 	C:\WINDOWS\System32\ADVAPI32.dll
0x00007ffdba3b0000 - 0x00007ffdba44e000 	C:\WINDOWS\System32\msvcrt.dll
0x00007ffdbac60000 - 0x00007ffdbacfb000 	C:\WINDOWS\System32\sechost.dll
0x00007ffdba280000 - 0x00007ffdba3aa000 	C:\WINDOWS\System32\RPCRT4.dll
0x00007ffdbafb0000 - 0x00007ffdbb150000 	C:\WINDOWS\System32\USER32.dll
0x00007ffda7b30000 - 0x00007ffda7dca000 	C:\WINDOWS\WinSxS\amd64_microsoft.windows.common-controls_6595b64144ccf1df_6.0.19041.1110_none_60b5254171f9507e\COMCTL32.dll
0x00007ffdb8a10000 - 0x00007ffdb8a32000 	C:\WINDOWS\System32\win32u.dll
0x00007ffdb9580000 - 0x00007ffdb95aa000 	C:\WINDOWS\System32\GDI32.dll
0x00007ffdb8ad0000 - 0x00007ffdb8bdb000 	C:\WINDOWS\System32\gdi32full.dll
0x00007ffdb8f40000 - 0x00007ffdb8fdd000 	C:\WINDOWS\System32\msvcp_win.dll
0x00007ffdae950000 - 0x00007ffdae95a000 	C:\WINDOWS\SYSTEM32\VERSION.dll
0x00007ffdba450000 - 0x00007ffdba480000 	C:\WINDOWS\System32\IMM32.DLL
0x00007ffd711d0000 - 0x00007ffd7126b000 	C:\Program Files\Java\jdk-13.0.2\bin\msvcp140.dll
0x00007ffd3a200000 - 0x00007ffd3ad5d000 	C:\Program Files\Java\jdk-13.0.2\bin\server\jvm.dll
0x00007ffdb9750000 - 0x00007ffdb9758000 	C:\WINDOWS\System32\PSAPI.DLL
0x00007ffdae920000 - 0x00007ffdae947000 	C:\WINDOWS\SYSTEM32\WINMM.dll
0x00007ffdb69a0000 - 0x00007ffdb69a9000 	C:\WINDOWS\SYSTEM32\WSOCK32.dll
0x00007ffdb9660000 - 0x00007ffdb96cb000 	C:\WINDOWS\System32\WS2_32.dll
0x00007ffdb72e0000 - 0x00007ffdb72f2000 	C:\WINDOWS\SYSTEM32\kernel.appcore.dll
0x00007ffdb0730000 - 0x00007ffdb0740000 	C:\Program Files\Java\jdk-13.0.2\bin\verify.dll
0x00007ffdb67b0000 - 0x00007ffdb6994000 	C:\WINDOWS\SYSTEM32\DBGHELP.DLL
0x00007ffda59c0000 - 0x00007ffda59ec000 	C:\WINDOWS\SYSTEM32\dbgcore.DLL
0x00007ffdb8a40000 - 0x00007ffdb8ac3000 	C:\WINDOWS\System32\bcryptPrimitives.dll
0x00007ffda3950000 - 0x00007ffda3976000 	C:\Program Files\Java\jdk-13.0.2\bin\java.dll
0x00007ffd6aff0000 - 0x00007ffd6b028000 	C:\Program Files\Java\jdk-13.0.2\bin\jdwp.dll
0x00007ffdb5b00000 - 0x00007ffdb5b0e000 	C:\Program Files\Java\jdk-13.0.2\bin\instrument.dll
0x00007ffdadfc0000 - 0x00007ffdadfd7000 	C:\Program Files\Java\jdk-13.0.2\bin\zip.dll
0x00007ffdafb80000 - 0x00007ffdafb8a000 	C:\Program Files\Java\jdk-13.0.2\bin\jimage.dll
0x00007ffdb9760000 - 0x00007ffdb9e9f000 	C:\WINDOWS\System32\SHELL32.dll
0x00007ffdb69d0000 - 0x00007ffdb7161000 	C:\WINDOWS\SYSTEM32\windows.storage.dll
0x00007ffdb9f20000 - 0x00007ffdba275000 	C:\WINDOWS\System32\combase.dll
0x00007ffdb8390000 - 0x00007ffdb83bc000 	C:\WINDOWS\SYSTEM32\Wldp.dll
0x00007ffdb9340000 - 0x00007ffdb93ee000 	C:\WINDOWS\System32\SHCORE.dll
0x00007ffdbad00000 - 0x00007ffdbad55000 	C:\WINDOWS\System32\shlwapi.dll
0x00007ffdb8950000 - 0x00007ffdb896f000 	C:\WINDOWS\SYSTEM32\profapi.dll
0x00007ffdb0d90000 - 0x00007ffdb0d9b000 	C:\Program Files\Java\jdk-13.0.2\bin\dt_socket.dll
0x00007ffdb80b0000 - 0x00007ffdb811a000 	C:\WINDOWS\system32\mswsock.dll
0x00007ffd8a930000 - 0x00007ffd8a949000 	C:\Program Files\Java\jdk-13.0.2\bin\net.dll
0x00007ffdb1090000 - 0x00007ffdb119a000 	C:\WINDOWS\SYSTEM32\WINHTTP.dll
0x00007ffd83650000 - 0x00007ffd83663000 	C:\Program Files\Java\jdk-13.0.2\bin\nio.dll
0x00007ffdafad0000 - 0x00007ffdafad9000 	C:\Program Files\Java\jdk-13.0.2\bin\management.dll
0x00007ffdae170000 - 0x00007ffdae17b000 	C:\Program Files\Java\jdk-13.0.2\bin\management_ext.dll
0x00007ffda0b30000 - 0x00007ffda0b47000 	C:\WINDOWS\system32\napinsp.dll
0x00007ffda0b10000 - 0x00007ffda0b2b000 	C:\WINDOWS\system32\pnrpnsp.dll
0x00007ffda0af0000 - 0x00007ffda0b05000 	C:\WINDOWS\system32\wshbth.dll
0x00007ffdb3430000 - 0x00007ffdb344d000 	C:\WINDOWS\system32\NLAapi.dll
0x00007ffdb7dc0000 - 0x00007ffdb7dfb000 	C:\WINDOWS\SYSTEM32\IPHLPAPI.DLL
0x00007ffdb7e00000 - 0x00007ffdb7ecc000 	C:\WINDOWS\SYSTEM32\DNSAPI.dll
0x00007ffdbab90000 - 0x00007ffdbab98000 	C:\WINDOWS\System32\NSI.dll
0x00007ffda0d90000 - 0x00007ffda0da2000 	C:\WINDOWS\System32\winrnr.dll
0x00007ffdad300000 - 0x00007ffdad30a000 	C:\Windows\System32\rasadhlp.dll
0x00007ffdad3b0000 - 0x00007ffdad42f000 	C:\WINDOWS\System32\fwpuclnt.dll
0x00007ffdb8f10000 - 0x00007ffdb8f37000 	C:\WINDOWS\System32\bcrypt.dll
0x00007ffdb8240000 - 0x00007ffdb8258000 	C:\WINDOWS\SYSTEM32\CRYPTSP.dll
0x00007ffdb7a70000 - 0x00007ffdb7aa4000 	C:\WINDOWS\system32\rsaenh.dll
0x00007ffdb8880000 - 0x00007ffdb88ae000 	C:\WINDOWS\SYSTEM32\USERENV.dll
0x00007ffdb8260000 - 0x00007ffdb826c000 	C:\WINDOWS\SYSTEM32\CRYPTBASE.dll
0x00007ffdb18d0000 - 0x00007ffdb18e7000 	C:\WINDOWS\SYSTEM32\dhcpcsvc6.DLL
0x00007ffdb0d50000 - 0x00007ffdb0d6d000 	C:\WINDOWS\SYSTEM32\dhcpcsvc.DLL
0x00007ffd8a920000 - 0x00007ffd8a92e000 	C:\Program Files\Java\jdk-13.0.2\bin\sunmscapi.dll
0x00007ffdb91e0000 - 0x00007ffdb933f000 	C:\WINDOWS\System32\CRYPT32.dll
0x00007ffdb8400000 - 0x00007ffdb8427000 	C:\WINDOWS\SYSTEM32\ncrypt.dll
0x00007ffdb83c0000 - 0x00007ffdb83fb000 	C:\WINDOWS\SYSTEM32\NTASN1.dll
0x00007ffd6a5f0000 - 0x00007ffd6a615000 	C:\Program Files\Java\jdk-13.0.2\bin\sunec.dll

dbghelp: loaded successfully - version: 4.0.5 - missing functions: none
symbol engine: initialized successfully - sym options: 0x614 - pdb path: .;C:\Program Files\Java\jdk-13.0.2\bin;C:\WINDOWS\SYSTEM32;C:\WINDOWS\WinSxS\amd64_microsoft.windows.common-controls_6595b64144ccf1df_6.0.19041.1110_none_60b5254171f9507e;C:\Program Files\Java\jdk-13.0.2\bin\server

VM Arguments:
jvm_args: -agentlib:jdwp=transport=dt_socket,address=127.0.0.1:60091,suspend=y,server=n -javaagent:C:\Users\LERATO~1\AppData\Local\Temp\captureAgent1763jars\debugger-agent.jar -Dfile.encoding=UTF-8 
java_command: com.leratoletsepe.intellectsacademyapi.IntellectsAcademyApiApplication
java_class_path (initial): C:\dev\projects\intellects-academy\intellects-academy-api\target\classes;C:\Users\Lerato Letsepe\.m2\repository\com\google\code\gson\gson\2.8.6\gson-2.8.6.jar;C:\Users\Lerato Letsepe\.m2\repository\org\mindrot\jbcrypt\0.4\jbcrypt-0.4.jar;C:\Users\Lerato Letsepe\.m2\repository\io\jsonwebtoken\jjwt\0.9.1\jjwt-0.9.1.jar;C:\Users\Lerato Letsepe\.m2\repository\com\fasterxml\jackson\core\jackson-databind\2.12.3\jackson-databind-2.12.3.jar;C:\Users\Lerato Letsepe\.m2\repository\com\fasterxml\jackson\core\jackson-annotations\2.12.3\jackson-annotations-2.12.3.jar;C:\Users\Lerato Letsepe\.m2\repository\com\fasterxml\jackson\core\jackson-core\2.12.3\jackson-core-2.12.3.jar;C:\Users\Lerato Letsepe\.m2\repository\javax\xml\bind\jaxb-api\2.1\jaxb-api-2.1.jar;C:\Users\Lerato Letsepe\.m2\repository\javax\xml\stream\stax-api\1.0-2\stax-api-1.0-2.jar;C:\Users\Lerato Letsepe\.m2\repository\javax\activation\activation\1.1\activation-1.1.jar;C:\Users\Lerato Letsepe\.m2\repository\org\springframework\boot\spring-boot-starter-jdbc\2.5.2\spring-boot-starter-jdbc-2.5.2.jar;C:\Users\Lerato Letsepe\.m2\repository\org\springframework\boot\spring-boot-starter\2.5.2\spring-boot-starter-2.5.2.jar;C:\Users\Lerato Letsepe\.m2\repository\org\springframework\boot\spring-boot-starter-logging\2.5.2\spring-boot-starter-logging-2.5.2.jar;C:\Users\Lerato Letsepe\.m2\repository\ch\qos\logback\logback-classic\1.2.3\logback-classic-1.2.3.jar;C:\Users\Lerato Letsepe\.m2\repository\ch\qos\logback\logback-core\1.2.3\logback-core-1.2.3.jar;C:\Users\Lerato Letsepe\.m2\repository\org\apache\logging\log4j\log4j-to-slf4j\2.14.1\log4j-to-slf4j-2.14.1.jar;C:\Users\Lerato Letsepe\.m2\repository\org\apache\logging\log4j\log4j-api\2.14.1\log4j-api-2.14.1.jar;C:\Users\Lerato Letsepe\.m2\repository\org\slf4j\jul-to-slf4j\1.7.31\jul-to-slf4j-1.7.31.jar;C:\Users\Lerato Letsepe\.m2\repository\jakarta\annotation\jakarta.annotation-api\1.3.5\jakarta.annotation-api-1.3.5.jar;C:\Users\Lerato Letsepe\.
Launcher Type: SUN_STANDARD

[Global flags]
     intx CICompilerCount                          = 4                                         {product} {ergonomic}
     uint ConcGCThreads                            = 2                                         {product} {ergonomic}
     uint G1ConcRefinementThreads                  = 8                                         {product} {ergonomic}
   size_t G1HeapRegionSize                         = 1048576                                   {product} {ergonomic}
    uintx GCDrainStackTargetSize                   = 64                                        {product} {ergonomic}
   size_t InitialHeapSize                          = 266338304                                 {product} {ergonomic}
   size_t MarkStackSize                            = 4194304                                   {product} {ergonomic}
   size_t MaxHeapSize                              = 4261412864                                {product} {ergonomic}
   size_t MaxNewSize                               = 2556428288                                {product} {ergonomic}
   size_t MinHeapDeltaBytes                        = 1048576                                   {product} {ergonomic}
   size_t MinHeapSize                              = 8388608                                   {product} {ergonomic}
    uintx NonNMethodCodeHeapSize                   = 5839372                                {pd product} {ergonomic}
    uintx NonProfiledCodeHeapSize                  = 122909434                              {pd product} {ergonomic}
    uintx ProfiledCodeHeapSize                     = 122909434                              {pd product} {ergonomic}
    uintx ReservedCodeCacheSize                    = 251658240                              {pd product} {ergonomic}
     bool SegmentedCodeCache                       = true                                      {product} {ergonomic}
   size_t SoftMaxHeapSize                          = 4261412864                             {manageable} {ergonomic}
     bool UseCompressedClassPointers               = true                                 {lp64_product} {ergonomic}
     bool UseCompressedOops                        = true                                 {lp64_product} {ergonomic}
     bool UseG1GC                                  = true                                      {product} {ergonomic}
     bool UseLargePagesIndividualAllocation        = false                                  {pd product} {ergonomic}

Logging:
Log output configuration:
 #0: stdout all=warning uptime,level,tags
 #1: stderr all=off uptime,level,tags

Environment Variables:
PATH=C:\Python39\Scripts\;C:\Python39\;C:\Program Files (x86)\Razer Chroma SDK\bin;C:\Program Files\Razer Chroma SDK\bin;C:\Program Files (x86)\Razer\ChromaBroadcast\bin;C:\Program Files\Razer\ChromaBroadcast\bin;C:\Program Files\Microsoft MPI\Bin\;C:\WINDOWS\system32;C:\WINDOWS;C:\WINDOWS\System32\Wbem;C:\WINDOWS\System32\WindowsPowerShell\v1.0\;C:\WINDOWS\System32\OpenSSH\;C:\Program Files\Microsoft SQL Server\130\Tools\Binn\;C:\Program Files\Microsoft SQL Server\Client SDK\ODBC\170\Tools\Binn\;C:\Program Files\dotnet\;C:\Program Files (x86)\Microsoft SQL Server\150\DTS\Binn\;C:\Program Files\Microsoft SQL Server\Client SDK\ODBC\130\Tools\Binn\;C:\Program Files (x86)\Microsoft SQL Server\140\Tools\Binn\;C:\Program Files\Microsoft SQL Server\140\Tools\Binn\;C:\Program Files\Microsoft SQL Server\140\DTS\Binn\;C:\Program Files (x86)\Microsoft SQL Server\150\Tools\Binn\;C:\Program Files\Microsoft SQL Server\150\Tools\Binn\;C:\Program Files\Microsoft SQL Server\150\DTS\Binn\;C:\Program Files\PostgreSQL\12\bin;C:\Program Files\Git\cmd;C:\Program Files (x86)\GitExtensions\;C:\Terraform;C:\Program Files\PuTTY\;C:\Program Files\Amazon\AWSCLIV2\;C:\WINDOWS\system32\config\systemprofile\AppData\Local\Microsoft\WindowsApps;C:\Program Files (x86)\dotnet\;C:\Program Files\nodejs\;C:\ProgramData\chocolatey\bin;C:\Program Files (x86)\Android\android-sdk\emulator;C:\Program Files\Docker Toolbox;C:\Program Files\Java\jdk-13.0.2\bin;C:\Program Files\PostgreSQL\13\bin;;C:\Program Files\Docker\Docker\resources\bin;C:\ProgramData\DockerDesktop\version-bin;C:\Program Files\MySQL\MySQL Shell 8.0\bin\;C:\Users\Lerato Letsepe\AppData\Local\Microsoft\WindowsApps;C:\Program Files\JetBrains\IntelliJ IDEA Community Edition 2019.3.1\bin;C:\Users\Lerato Letsepe\AppData\Local\Programs\Microsoft VS Code\bin;C:\src\flutter\bin;C:\Users\Lerato Letsepe\.dotnet\tools;C:\Apps\Pipeline3\Orchestrator;C:\Users\Lerato Letsepe\AppData\Local\Microsoft\WindowsApps;C:\Program Files\heroku\bin;C:\Program Files (x8
USERNAME=Lerato Letsepe
OS=Windows_NT
PROCESSOR_IDENTIFIER=Intel64 Family 6 Model 94 Stepping 3, GenuineIntel



---------------  S Y S T E M  ---------------

OS: Windows 10 , 64 bit Build 19041 (10.0.19041.1023)
HyperV virtualization detected

CPU:total 8 (initial active 8) (4 cores per cpu, 2 threads per core) family 6 model 94 stepping 3, cmov, cx8, fxsr, mmx, sse, sse2, sse3, ssse3, sse4.1, sse4.2, popcnt, avx, avx2, aes, clmul, erms, rtm, 3dnowpref, lzcnt, ht, tsc, tscinvbit, bmi1, bmi2, adx, fma

Memory: 4k page, system-wide physical 16252M (2667M free)
TotalPageFile size 21836M (AvailPageFile size 9M)
current process WorkingSet (physical memory assigned to process): 213M, peak: 267M
current process commit charge ("private bytes"): 336M, peak: 411M

vm_info: Java HotSpot(TM) 64-Bit Server VM (13.0.2+8) for windows-amd64 JRE (13.0.2+8), built on Dec 11 2019 09:20:33 by "mach5one" with unknown MS VC++:1916

END.
